<?xml version="1.0" encoding="UTF-8"?>
<!-- Generated by org.testng.reporters.JUnitReportReporter -->
<testsuite skipped="0" hostname="admin-PC" name="TestNg.smoke" tests="1" failures="0" timestamp="05 Aug 2018 07:25:34 GMT" time="0.006" errors="0">
  <testcase name="test1" time="0.006" classname="TestNg.smoke"/>
</testsuite> <!-- TestNg.smoke -->
