<?xml version="1.0" encoding="UTF-8"?>
<!-- Generated by org.testng.reporters.JUnitReportReporter -->
<testsuite skipped="0" hostname="admin-PC" name="TestNg.newpackage" tests="1" failures="0" timestamp="05 Aug 2018 06:48:06 GMT" time="0.006" errors="0">
  <testcase name="test" time="0.006" classname="TestNg.newpackage"/>
</testsuite> <!-- TestNg.newpackage -->
